<?xml version="1.0" encoding="UTF-8"?>
<!-- Generated by org.testng.reporters.JUnitXMLReporter -->
<testsuite hostname="RED24LAP061" ignored="0" name="Application Test" tests="4" failures="0" timestamp="05 Jul 2018 13:51:48 GMT" time="0.083" errors="0">
  <testcase name="testMethod1" time="0.008" classname="testclasses2.TestNG_TestClass12"/>
  <testcase name="testMethod2" time="0.003" classname="testclasses2.TestNG_TestClass12"/>
  <testcase name="testMethod1" time="0.002" classname="testclasses2.TestNG_TestClass23"/>
  <testcase name="testMethod2" time="0.002" classname="testclasses2.TestNG_TestClass23"/>
</testsuite> <!-- Application Test -->
