<?xml version="1.0" encoding="UTF-8"?>
<!-- Generated by org.testng.reporters.JUnitXMLReporter -->
<testsuite hostname="RED24LAP061" ignored="2" name="GroupsDemo" tests="2" failures="0" timestamp="06 Jul 2018 10:27:54 GMT" time="0.059" errors="0">
  <testcase name="testAudiA6" time="0.004" classname="testclasses2.TestNG_Grouping2"/>
  <testcase name="testBMWX6" time="0.004" classname="testclasses2.TestNG_Grouping2"/>
  <testcase name="testNinja" time="0.0" classname="testclasses2.TestNG_Grouping2">
    <ignored/>
  </testcase> <!-- testNinja -->
  <testcase name="testHondaCBR" time="0.0" classname="testclasses2.TestNG_Grouping2">
    <ignored/>
  </testcase> <!-- testHondaCBR -->
</testsuite> <!-- GroupsDemo -->
