<?xml version="1.0" encoding="UTF-8"?>
<!-- Generated by org.testng.reporters.JUnitXMLReporter -->
<testsuite hostname="RED24LAP061" ignored="0" name="Default test" tests="3" failures="0" timestamp="09 Jul 2018 13:24:18 GMT" time="0.057" errors="0">
  <testcase name="testMethod1" time="0.014" classname="testclasses2.TestNG_DataProviders2"/>
  <testcase name="testMethod1" time="0.002" classname="testclasses2.TestNG_DataProviders2"/>
  <testcase name="testMethod1" time="0.01" classname="testclasses2.TestNG_DataProviders2"/>
</testsuite> <!-- Default test -->
