<?xml version="1.0" encoding="UTF-8"?>
<testng-results skipped="0" failed="0" ignored="0" total="1" passed="1">
  <reporter-output>
  </reporter-output>
  <suite name="Default suite" duration-ms="49427" started-at="2018-07-16T10:25:54Z" finished-at="2018-07-16T10:26:44Z">
    <groups>
    </groups>
    <test name="Default test" duration-ms="49427" started-at="2018-07-16T10:25:54Z" finished-at="2018-07-16T10:26:44Z">
      <class name="WIPTEST.AddingSources">
        <test-method status="PASS" signature="beforetest()[pri:0, instance:WIPTEST.AddingSources@f6c48ac]" name="beforetest" is-config="true" duration-ms="10569" started-at="2018-07-16T12:25:54Z" finished-at="2018-07-16T12:26:05Z">
          <reporter-output>
          </reporter-output>
        </test-method> <!-- beforetest -->
        <test-method status="PASS" signature="DUO_Auth()[pri:0, instance:WIPTEST.AddingSources@f6c48ac]" name="DUO_Auth" duration-ms="36932" started-at="2018-07-16T12:26:05Z" finished-at="2018-07-16T12:26:42Z">
          <reporter-output>
          </reporter-output>
        </test-method> <!-- DUO_Auth -->
        <test-method status="PASS" signature="tearDown()[pri:0, instance:WIPTEST.AddingSources@f6c48ac]" name="tearDown" is-config="true" duration-ms="1895" started-at="2018-07-16T12:26:42Z" finished-at="2018-07-16T12:26:44Z">
          <reporter-output>
          </reporter-output>
        </test-method> <!-- tearDown -->
      </class> <!-- WIPTEST.AddingSources -->
    </test> <!-- Default test -->
  </suite> <!-- Default suite -->
</testng-results>
