<?xml version="1.0" encoding="UTF-8"?>
<!-- Generated by org.testng.reporters.JUnitXMLReporter -->
<testsuite hostname="RED24LAP061" ignored="4" name="Application Test" tests="4" failures="0" timestamp="26 Jun 2018 12:31:10 GMT" time="0.053" errors="0">
  <testcase name="testMethod1" time="0.005" classname="regressionsuite.TestNG_TestClass1"/>
  <testcase name="testMethod2" time="0.006" classname="regressionsuite.TestNG_TestClass1"/>
  <testcase name="testMethod1" time="0.003" classname="regressionsuite.TestNG_TestClass2"/>
  <testcase name="testMethod2" time="0.003" classname="regressionsuite.TestNG_TestClass2"/>
  <testcase name="@AfterTest afterTest" time="0.0" classname="base.BaseTestSuite">
    <ignored/>
  </testcase> <!-- @AfterTest afterTest -->
  <testcase name="@BeforeSuite beforeSuite" time="0.0" classname="base.BaseTestSuite">
    <ignored/>
  </testcase> <!-- @BeforeSuite beforeSuite -->
  <testcase name="@AfterSuite afterSuite" time="0.0" classname="base.BaseTestSuite">
    <ignored/>
  </testcase> <!-- @AfterSuite afterSuite -->
  <testcase name="@BeforeTest beforeTest" time="0.0" classname="base.BaseTestSuite">
    <ignored/>
  </testcase> <!-- @BeforeTest beforeTest -->
</testsuite> <!-- Application Test -->
