<?xml version="1.0" encoding="UTF-8"?>
<!-- Generated by org.testng.reporters.JUnitXMLReporter -->
<testsuite hostname="RED24LAP061" ignored="2" name="GroupsDemo" tests="2" failures="0" timestamp="26 Jun 2018 14:08:10 GMT" time="0.047" errors="0">
  <testcase name="testHondaCBR" time="0.005" classname="testclasses.TestNG_Grouping"/>
  <testcase name="testNinja" time="0.005" classname="testclasses.TestNG_Grouping"/>
  <testcase name="testAudiA6" time="0.0" classname="testclasses.TestNG_Grouping">
    <ignored/>
  </testcase> <!-- testAudiA6 -->
  <testcase name="testBMWX6" time="0.0" classname="testclasses.TestNG_Grouping">
    <ignored/>
  </testcase> <!-- testBMWX6 -->
</testsuite> <!-- GroupsDemo -->
