<?xml version="1.0" encoding="UTF-8"?>
<!-- Generated by org.testng.reporters.JUnitXMLReporter -->
<testsuite hostname="RED24LAP061" ignored="0" name="Test 1" tests="4" failures="0" timestamp="03 Jul 2018 12:49:37 GMT" time="0.21" errors="0">
  <testcase name="testMethod1" time="0.129" classname="testclasses.TestNG_Preserve2"/>
  <testcase name="testMethod2" time="0.003" classname="testclasses.TestNG_Preserve2"/>
  <testcase name="testMethod1" time="0.004" classname="testclasses.TestNG_Preserve1"/>
  <testcase name="testMethod2" time="0.015" classname="testclasses.TestNG_Preserve1"/>
</testsuite> <!-- Test 1 -->
