<?xml version="1.0" encoding="UTF-8"?>
<!-- Generated by org.testng.reporters.JUnitXMLReporter -->
<testsuite hostname="RED24LAP061" ignored="0" name="Test 2" tests="4" failures="0" timestamp="03 Jul 2018 12:49:23 GMT" time="0.12" errors="0">
  <testcase name="testMethod1" time="0.011" classname="testclasses.TestNG_Preserve2"/>
  <testcase name="testMethod2" time="0.011" classname="testclasses.TestNG_Preserve2"/>
  <testcase name="testMethod1" time="0.038" classname="testclasses.TestNG_Preserve1"/>
  <testcase name="testMethod2" time="0.007" classname="testclasses.TestNG_Preserve1"/>
</testsuite> <!-- Test 2 -->
