<?xml version="1.0" encoding="UTF-8"?>
<!-- Generated by org.testng.reporters.JUnitXMLReporter -->
<testsuite hostname="RED24LAP061" ignored="0" name="Application Test" tests="3" failures="1" timestamp="10 Jul 2018 11:27:52 GMT" time="0.084" errors="0">
  <testcase name="testMethod2" time="0.013" classname="testclasses2.TestNG_ReportsAndLogs">
    <failure type="java.lang.AssertionError" message="expected [true] but found [false]">
      <![CDATA[java.lang.AssertionError: expected [true] but found [false]
	at testclasses2.TestNG_ReportsAndLogs.testMethod2(TestNG_ReportsAndLogs.java:41)
... Removed 29 stack frames]]>
    </failure>
  </testcase> <!-- testMethod2 -->
  <testcase name="testMethod1" time="0.002" classname="testclasses2.TestNG_ReportsAndLogs"/>
  <testcase name="testMethod3" time="0.0" classname="testclasses2.TestNG_ReportsAndLogs">
    <skipped/>
  </testcase> <!-- testMethod3 -->
</testsuite> <!-- Application Test -->
