<?xml version="1.0" encoding="UTF-8"?>
<!-- Generated by org.testng.reporters.JUnitXMLReporter -->
<testsuite hostname="RED24LAP061" ignored="0" name="Test 1" tests="4" failures="0" timestamp="09 Jul 2018 11:08:12 GMT" time="0.085" errors="0">
  <testcase name="testMethod1" time="0.014" classname="testclasses2.TestNG_Preserve12"/>
  <testcase name="testMethod2" time="0.012" classname="testclasses2.TestNG_Preserve12"/>
  <testcase name="testMethod1" time="0.002" classname="testclasses2.TestNG_Preserve21"/>
  <testcase name="testMethod2" time="0.002" classname="testclasses2.TestNG_Preserve21"/>
</testsuite> <!-- Test 1 -->
