<?xml version="1.0" encoding="UTF-8"?>
<!-- Generated by org.testng.reporters.JUnitXMLReporter -->
<testsuite hostname="RED24LAP061" ignored="0" name="Test 2" tests="4" failures="0" timestamp="09 Jul 2018 11:07:23 GMT" time="0.1" errors="0">
  <testcase name="testMethod1" time="0.003" classname="testclasses2.TestNG_Preserve12"/>
  <testcase name="testMethod2" time="0.043" classname="testclasses2.TestNG_Preserve12"/>
  <testcase name="testMethod1" time="0.003" classname="testclasses2.TestNG_Preserve21"/>
  <testcase name="testMethod2" time="0.003" classname="testclasses2.TestNG_Preserve21"/>
</testsuite> <!-- Test 2 -->
